2025-07-25 10:22:38,190 - User:Anonymous - Path:/api/auth/register
2025-07-25 10:22:38,284 - User:Anonymous - Path:/api/auth/register/
2025-07-25 10:22:46,493 - User:Anonymous - Path:/api/auth/register
2025-07-25 10:22:56,841 - User:Anonymous - Path:/api/auth/register/
2025-07-25 10:23:15,436 - User:Anonymous - Path:/api/auth/register/
2025-07-25 10:25:58,724 - User:Anonymous - Path:/api/auth/register/
2025-07-25 10:26:19,194 - User:Anonymous - Path:/api/auth/register/
2025-07-25 10:26:37,857 - User:Anonymous - Path:/api/auth/register/
2025-07-25 10:27:37,807 - User:Anonymous - Path:/api/auth/register/
2025-07-25 10:28:24,756 - User:Anonymous - Path:/api/auth/register/
2025-07-25 10:28:31,092 - User:Anonymous - Path:/api/auth/register/
2025-07-25 10:28:38,022 - User:Anonymous - Path:/api/auth/register/
2025-07-25 10:30:26,764 - User:Anonymous - Path:/api/conversation/
2025-07-25 10:30:50,688 - User:Anonymous - Path:/api/conversations
2025-07-25 10:32:38,833 - User:Anonymous - Path:/api/conversations
2025-07-25 10:33:35,789 - User:Anonymous - Path:/api/conversations/
2025-07-25 10:34:53,470 - User:Anonymous - Path:/api/conversations/2687b26c-12bc-4985-ae1a-fa969ab2331c/,essages
2025-07-25 10:35:18,204 - User:Anonymous - Path:/api/conversations/2687b26c-12bc-4985-ae1a-fa969ab2331c/messages
2025-07-25 10:35:23,464 - User:Anonymous - Path:/api/conversations/2687b26c-12bc-4985-ae1a-fa969ab2331c/messages/
2025-07-25 10:35:54,178 - User:Anonymous - Path:/api/conversations/2687b26c-12bc-4985-ae1a-fa969ab2331c/messages/
2025-07-25 10:36:26,061 - User:Anonymous - Path:/api/conversations/2687b26c-12bc-4985-ae1a-fa969ab2331c/messages/
2025-07-25 10:36:28,437 - User:Anonymous - Path:/api/conversations/2687b26c-12bc-4985-ae1a-fa969ab2331c/messages/
2025-07-25 10:36:53,028 - User:Anonymous - Path:/api/conversations/2687b26c-12bc-4985-ae1a-fa969ab2331c/messages/
